nohup: ignoring input
[INFO] Scanning for projects...
[INFO] ------------------------------------------------------------------------
[INFO] Building ANSWRS Wormhole
[INFO]    task-segment: [camel:run]
[INFO] ------------------------------------------------------------------------
[INFO] Preparing camel:run
[INFO] [resources:resources {execution: default-resources}]
[WARNING] File encoding has not been set, using platform encoding UTF-8, i.e. build is platform dependent!
[WARNING] Using platform encoding (UTF-8 actually) to copy filtered resources, i.e. build is platform dependent!
[INFO] Copying 15 resources
[INFO] [resources:resources {execution: default}]
[WARNING] File encoding has not been set, using platform encoding UTF-8, i.e. build is platform dependent!
[WARNING] Using platform encoding (UTF-8 actually) to copy filtered resources, i.e. build is platform dependent!
[INFO] Copying 15 resources
[WARNING] While downloading org.apache.commons:commons-io:1.3.2
  This artifact has been relocated to commons-io:commons-io:1.3.2.
  https://issues.sonatype.org/browse/MVNCENTRAL-244


[INFO] [compiler:compile {execution: default-compile}]
[INFO] Changes detected - recompiling the module!
[WARNING] File encoding has not been set, using platform encoding UTF-8, i.e. build is platform dependent!
[INFO] Compiling 22 source files to /home/gxr/develop/gxr-eCOS/target/classes
[INFO] ------------------------------------------------------------------------
[ERROR] BUILD ERROR
[INFO] ------------------------------------------------------------------------
[INFO] Fatal error compiling

Embedded error: invalid target release: 1.7
[INFO] ------------------------------------------------------------------------
[INFO] For more information, run Maven with the -e switch
[INFO] ------------------------------------------------------------------------
[INFO] Total time: 3 seconds
[INFO] Finished at: Wed Apr 02 15:54:33 BST 2014
[INFO] Final Memory: 33M/80M
[INFO] ------------------------------------------------------------------------
